ARM GAS  /tmp/ccsPWU6E.s 			page 1


   1              		.cpu cortex-m3
   2              		.arch armv7-m
   3              		.fpu softvfp
   4              		.eabi_attribute 20, 1
   5              		.eabi_attribute 21, 1
   6              		.eabi_attribute 23, 3
   7              		.eabi_attribute 24, 1
   8              		.eabi_attribute 25, 1
   9              		.eabi_attribute 26, 1
  10              		.eabi_attribute 30, 1
  11              		.eabi_attribute 34, 1
  12              		.eabi_attribute 18, 4
  13              		.file	"protocol.c"
  14              		.text
  15              	.Ltext0:
  16              		.cfi_sections	.debug_frame
  17              		.file 1 "APP/protocol.c"
  18              		.section	.text.PROTOCOL_GetType,"ax",%progbits
  19              		.align	1
  20              		.global	PROTOCOL_GetType
  21              		.syntax unified
  22              		.thumb
  23              		.thumb_func
  25              	PROTOCOL_GetType:
  26              	.LVL0:
  27              	.LFB0:
   1:APP/protocol.c **** #include "protocol.h"
   2:APP/protocol.c **** #include <string.h>
   3:APP/protocol.c **** 
   4:APP/protocol.c **** ProtocolPacketType_t PROTOCOL_GetType(const uint8_t *buf)
   5:APP/protocol.c **** {
  28              		.loc 1 5 1 view -0
  29              		.cfi_startproc
  30              		@ args = 0, pretend = 0, frame = 0
  31              		@ frame_needed = 0, uses_anonymous_args = 0
  32              		@ link register save eliminated.
   6:APP/protocol.c ****     return (ProtocolPacketType_t)buf[0];
  33              		.loc 1 6 5 view .LVU1
   7:APP/protocol.c **** }
  34              		.loc 1 7 1 is_stmt 0 view .LVU2
  35 0000 0078     		ldrb	r0, [r0]	@ zero_extendqisi2
  36              	.LVL1:
  37              		.loc 1 7 1 view .LVU3
  38 0002 7047     		bx	lr
  39              		.cfi_endproc
  40              	.LFE0:
  42              		.section	.text.PROTOCOL_EncodeLocation,"ax",%progbits
  43              		.align	1
  44              		.global	PROTOCOL_EncodeLocation
  45              		.syntax unified
  46              		.thumb
  47              		.thumb_func
  49              	PROTOCOL_EncodeLocation:
  50              	.LVL2:
  51              	.LFB1:
   8:APP/protocol.c **** 
   9:APP/protocol.c **** uint8_t PROTOCOL_EncodeLocation(uint8_t *buf,
ARM GAS  /tmp/ccsPWU6E.s 			page 2


  10:APP/protocol.c ****                                 float lat,
  11:APP/protocol.c ****                                 float lon,
  12:APP/protocol.c ****                                 uint8_t id)
  13:APP/protocol.c **** {
  52              		.loc 1 13 1 is_stmt 1 view -0
  53              		.cfi_startproc
  54              		@ args = 0, pretend = 0, frame = 0
  55              		@ frame_needed = 0, uses_anonymous_args = 0
  56              		@ link register save eliminated.
  14:APP/protocol.c ****     buf[0] = PKT_LOCATION;
  57              		.loc 1 14 5 view .LVU5
  58              		.loc 1 14 12 is_stmt 0 view .LVU6
  59 0000 4FF0010C 		mov	ip, #1
  60 0004 80F800C0 		strb	ip, [r0]
  15:APP/protocol.c ****     memcpy(&buf[1], &lat, sizeof(float));
  61              		.loc 1 15 5 is_stmt 1 view .LVU7
  62 0008 C0F80110 		str	r1, [r0, #1]	@ unaligned
  16:APP/protocol.c ****     memcpy(&buf[5], &lon, sizeof(float));
  63              		.loc 1 16 5 view .LVU8
  64 000c C0F80520 		str	r2, [r0, #5]	@ unaligned
  17:APP/protocol.c ****     buf[9] = id;
  65              		.loc 1 17 5 view .LVU9
  66              		.loc 1 17 12 is_stmt 0 view .LVU10
  67 0010 4372     		strb	r3, [r0, #9]
  18:APP/protocol.c **** 
  19:APP/protocol.c ****     return 10;
  68              		.loc 1 19 5 is_stmt 1 view .LVU11
  20:APP/protocol.c **** }
  69              		.loc 1 20 1 is_stmt 0 view .LVU12
  70 0012 0A20     		movs	r0, #10
  71              	.LVL3:
  72              		.loc 1 20 1 view .LVU13
  73 0014 7047     		bx	lr
  74              		.cfi_endproc
  75              	.LFE1:
  77              		.section	.text.PROTOCOL_DecodeLocation,"ax",%progbits
  78              		.align	1
  79              		.global	PROTOCOL_DecodeLocation
  80              		.syntax unified
  81              		.thumb
  82              		.thumb_func
  84              	PROTOCOL_DecodeLocation:
  85              	.LVL4:
  86              	.LFB2:
  21:APP/protocol.c **** 
  22:APP/protocol.c **** bool PROTOCOL_DecodeLocation(const uint8_t *buf,
  23:APP/protocol.c ****                              uint8_t len,
  24:APP/protocol.c ****                              float *lat,
  25:APP/protocol.c ****                              float *lon,
  26:APP/protocol.c ****                              uint8_t *id)
  27:APP/protocol.c **** {
  87              		.loc 1 27 1 is_stmt 1 view -0
  88              		.cfi_startproc
  89              		@ args = 4, pretend = 0, frame = 0
  90              		@ frame_needed = 0, uses_anonymous_args = 0
  91              		@ link register save eliminated.
  28:APP/protocol.c ****     if (len < 10 || buf[0] != PKT_LOCATION)
ARM GAS  /tmp/ccsPWU6E.s 			page 3


  92              		.loc 1 28 5 view .LVU15
  93              		.loc 1 28 8 is_stmt 0 view .LVU16
  94 0000 0929     		cmp	r1, #9
  95 0002 0DD9     		bls	.L5
  96              		.loc 1 28 24 discriminator 1 view .LVU17
  97 0004 0178     		ldrb	r1, [r0]	@ zero_extendqisi2
  98              	.LVL5:
  99              		.loc 1 28 18 discriminator 1 view .LVU18
 100 0006 0129     		cmp	r1, #1
 101 0008 0CD1     		bne	.L6
  29:APP/protocol.c ****         return false;
  30:APP/protocol.c **** 
  31:APP/protocol.c ****     memcpy(lat, &buf[1], sizeof(float));
 102              		.loc 1 31 5 is_stmt 1 view .LVU19
 103 000a D0F80110 		ldr	r1, [r0, #1]	@ unaligned
 104 000e 1160     		str	r1, [r2]	@ unaligned
  32:APP/protocol.c ****     memcpy(lon, &buf[5], sizeof(float));
 105              		.loc 1 32 5 view .LVU20
 106 0010 D0F80520 		ldr	r2, [r0, #5]	@ unaligned
 107              	.LVL6:
 108              		.loc 1 32 5 is_stmt 0 view .LVU21
 109 0014 1A60     		str	r2, [r3]	@ unaligned
  33:APP/protocol.c ****     *id = buf[9];
 110              		.loc 1 33 5 is_stmt 1 view .LVU22
 111              		.loc 1 33 14 is_stmt 0 view .LVU23
 112 0016 427A     		ldrb	r2, [r0, #9]	@ zero_extendqisi2
 113              		.loc 1 33 9 view .LVU24
 114 0018 009B     		ldr	r3, [sp]
 115              	.LVL7:
 116              		.loc 1 33 9 view .LVU25
 117 001a 1A70     		strb	r2, [r3]
  34:APP/protocol.c **** 
  35:APP/protocol.c ****     return true;
 118              		.loc 1 35 5 is_stmt 1 view .LVU26
 119              		.loc 1 35 12 is_stmt 0 view .LVU27
 120 001c 0120     		movs	r0, #1
 121              	.LVL8:
 122              		.loc 1 35 12 view .LVU28
 123 001e 7047     		bx	lr
 124              	.LVL9:
 125              	.L5:
  29:APP/protocol.c **** 
 126              		.loc 1 29 16 view .LVU29
 127 0020 0020     		movs	r0, #0
 128              	.LVL10:
  29:APP/protocol.c **** 
 129              		.loc 1 29 16 view .LVU30
 130 0022 7047     		bx	lr
 131              	.LVL11:
 132              	.L6:
  29:APP/protocol.c **** 
 133              		.loc 1 29 16 view .LVU31
 134 0024 0020     		movs	r0, #0
 135              	.LVL12:
  36:APP/protocol.c **** }
 136              		.loc 1 36 1 view .LVU32
 137 0026 7047     		bx	lr
ARM GAS  /tmp/ccsPWU6E.s 			page 4


 138              		.cfi_endproc
 139              	.LFE2:
 141              		.section	.text.PROTOCOL_EncodeScanRequest,"ax",%progbits
 142              		.align	1
 143              		.global	PROTOCOL_EncodeScanRequest
 144              		.syntax unified
 145              		.thumb
 146              		.thumb_func
 148              	PROTOCOL_EncodeScanRequest:
 149              	.LVL13:
 150              	.LFB3:
  37:APP/protocol.c **** 
  38:APP/protocol.c **** uint8_t PROTOCOL_EncodeScanRequest(uint8_t *buf,
  39:APP/protocol.c ****                                    uint8_t id)
  40:APP/protocol.c **** {
 151              		.loc 1 40 1 is_stmt 1 view -0
 152              		.cfi_startproc
 153              		@ args = 0, pretend = 0, frame = 0
 154              		@ frame_needed = 0, uses_anonymous_args = 0
 155              		@ link register save eliminated.
 156              		.loc 1 40 1 is_stmt 0 view .LVU34
 157 0000 0346     		mov	r3, r0
  41:APP/protocol.c ****     buf[0] = PKT_SCAN_REQUEST;
 158              		.loc 1 41 5 is_stmt 1 view .LVU35
 159              		.loc 1 41 12 is_stmt 0 view .LVU36
 160 0002 0220     		movs	r0, #2
 161              	.LVL14:
 162              		.loc 1 41 12 view .LVU37
 163 0004 1870     		strb	r0, [r3]
  42:APP/protocol.c ****     buf[1] = id;
 164              		.loc 1 42 5 is_stmt 1 view .LVU38
 165              		.loc 1 42 12 is_stmt 0 view .LVU39
 166 0006 5970     		strb	r1, [r3, #1]
  43:APP/protocol.c ****     return 2;
 167              		.loc 1 43 5 is_stmt 1 view .LVU40
  44:APP/protocol.c **** }
 168              		.loc 1 44 1 is_stmt 0 view .LVU41
 169 0008 7047     		bx	lr
 170              		.cfi_endproc
 171              	.LFE3:
 173              		.text
 174              	.Letext0:
 175              		.file 2 "/usr/arm-none-eabi/include/machine/_default_types.h"
 176              		.file 3 "/usr/arm-none-eabi/include/sys/_stdint.h"
 177              		.file 4 "APP/protocol.h"
ARM GAS  /tmp/ccsPWU6E.s 			page 5


DEFINED SYMBOLS
                            *ABS*:00000000 protocol.c
     /tmp/ccsPWU6E.s:19     .text.PROTOCOL_GetType:00000000 $t
     /tmp/ccsPWU6E.s:25     .text.PROTOCOL_GetType:00000000 PROTOCOL_GetType
     /tmp/ccsPWU6E.s:43     .text.PROTOCOL_EncodeLocation:00000000 $t
     /tmp/ccsPWU6E.s:49     .text.PROTOCOL_EncodeLocation:00000000 PROTOCOL_EncodeLocation
     /tmp/ccsPWU6E.s:78     .text.PROTOCOL_DecodeLocation:00000000 $t
     /tmp/ccsPWU6E.s:84     .text.PROTOCOL_DecodeLocation:00000000 PROTOCOL_DecodeLocation
     /tmp/ccsPWU6E.s:142    .text.PROTOCOL_EncodeScanRequest:00000000 $t
     /tmp/ccsPWU6E.s:148    .text.PROTOCOL_EncodeScanRequest:00000000 PROTOCOL_EncodeScanRequest

NO UNDEFINED SYMBOLS
