ARM GAS  /tmp/ccrDfwt3.s 			page 1


   1              		.cpu cortex-m3
   2              		.arch armv7-m
   3              		.fpu softvfp
   4              		.eabi_attribute 20, 1
   5              		.eabi_attribute 21, 1
   6              		.eabi_attribute 23, 3
   7              		.eabi_attribute 24, 1
   8              		.eabi_attribute 25, 1
   9              		.eabi_attribute 26, 1
  10              		.eabi_attribute 30, 1
  11              		.eabi_attribute 34, 1
  12              		.eabi_attribute 18, 4
  13              		.file	"usart.c"
  14              		.text
  15              	.Ltext0:
  16              		.cfi_sections	.debug_frame
  17              		.file 1 "Core/Src/usart.c"
  18              		.section	.text.MX_USART1_UART_Init,"ax",%progbits
  19              		.align	1
  20              		.global	MX_USART1_UART_Init
  21              		.syntax unified
  22              		.thumb
  23              		.thumb_func
  25              	MX_USART1_UART_Init:
  26              	.LFB65:
   1:Core/Src/usart.c **** /* USER CODE BEGIN Header */
   2:Core/Src/usart.c **** /**
   3:Core/Src/usart.c ****   ******************************************************************************
   4:Core/Src/usart.c ****   * @file    usart.c
   5:Core/Src/usart.c ****   * @brief   This file provides code for the configuration
   6:Core/Src/usart.c ****   *          of the USART instances.
   7:Core/Src/usart.c ****   ******************************************************************************
   8:Core/Src/usart.c ****   * @attention
   9:Core/Src/usart.c ****   *
  10:Core/Src/usart.c ****   * Copyright (c) 2025 STMicroelectronics.
  11:Core/Src/usart.c ****   * All rights reserved.
  12:Core/Src/usart.c ****   *
  13:Core/Src/usart.c ****   * This software is licensed under terms that can be found in the LICENSE file
  14:Core/Src/usart.c ****   * in the root directory of this software component.
  15:Core/Src/usart.c ****   * If no LICENSE file comes with this software, it is provided AS-IS.
  16:Core/Src/usart.c ****   *
  17:Core/Src/usart.c ****   ******************************************************************************
  18:Core/Src/usart.c ****   */
  19:Core/Src/usart.c **** /* USER CODE END Header */
  20:Core/Src/usart.c **** /* Includes ------------------------------------------------------------------*/
  21:Core/Src/usart.c **** #include "usart.h"
  22:Core/Src/usart.c **** 
  23:Core/Src/usart.c **** /* USER CODE BEGIN 0 */
  24:Core/Src/usart.c **** 
  25:Core/Src/usart.c **** /* USER CODE END 0 */
  26:Core/Src/usart.c **** 
  27:Core/Src/usart.c **** UART_HandleTypeDef huart1;
  28:Core/Src/usart.c **** UART_HandleTypeDef huart2;
  29:Core/Src/usart.c **** 
  30:Core/Src/usart.c **** /* USART1 init function */
  31:Core/Src/usart.c **** 
  32:Core/Src/usart.c **** void MX_USART1_UART_Init(void)
ARM GAS  /tmp/ccrDfwt3.s 			page 2


  33:Core/Src/usart.c **** {
  27              		.loc 1 33 1 view -0
  28              		.cfi_startproc
  29              		@ args = 0, pretend = 0, frame = 0
  30              		@ frame_needed = 0, uses_anonymous_args = 0
  31 0000 08B5     		push	{r3, lr}
  32              	.LCFI0:
  33              		.cfi_def_cfa_offset 8
  34              		.cfi_offset 3, -8
  35              		.cfi_offset 14, -4
  34:Core/Src/usart.c **** 
  35:Core/Src/usart.c ****   /* USER CODE BEGIN USART1_Init 0 */
  36:Core/Src/usart.c **** 
  37:Core/Src/usart.c ****   /* USER CODE END USART1_Init 0 */
  38:Core/Src/usart.c **** 
  39:Core/Src/usart.c ****   /* USER CODE BEGIN USART1_Init 1 */
  40:Core/Src/usart.c **** 
  41:Core/Src/usart.c ****   /* USER CODE END USART1_Init 1 */
  42:Core/Src/usart.c ****   huart1.Instance = USART1;
  36              		.loc 1 42 3 view .LVU1
  37              		.loc 1 42 19 is_stmt 0 view .LVU2
  38 0002 0A48     		ldr	r0, .L5
  39 0004 0A4B     		ldr	r3, .L5+4
  40 0006 0360     		str	r3, [r0]
  43:Core/Src/usart.c ****   huart1.Init.BaudRate = 9600;
  41              		.loc 1 43 3 is_stmt 1 view .LVU3
  42              		.loc 1 43 24 is_stmt 0 view .LVU4
  43 0008 4FF41653 		mov	r3, #9600
  44 000c 4360     		str	r3, [r0, #4]
  44:Core/Src/usart.c ****   huart1.Init.WordLength = UART_WORDLENGTH_8B;
  45              		.loc 1 44 3 is_stmt 1 view .LVU5
  46              		.loc 1 44 26 is_stmt 0 view .LVU6
  47 000e 0023     		movs	r3, #0
  48 0010 8360     		str	r3, [r0, #8]
  45:Core/Src/usart.c ****   huart1.Init.StopBits = UART_STOPBITS_1;
  49              		.loc 1 45 3 is_stmt 1 view .LVU7
  50              		.loc 1 45 24 is_stmt 0 view .LVU8
  51 0012 C360     		str	r3, [r0, #12]
  46:Core/Src/usart.c ****   huart1.Init.Parity = UART_PARITY_NONE;
  52              		.loc 1 46 3 is_stmt 1 view .LVU9
  53              		.loc 1 46 22 is_stmt 0 view .LVU10
  54 0014 0361     		str	r3, [r0, #16]
  47:Core/Src/usart.c ****   huart1.Init.Mode = UART_MODE_RX;
  55              		.loc 1 47 3 is_stmt 1 view .LVU11
  56              		.loc 1 47 20 is_stmt 0 view .LVU12
  57 0016 0422     		movs	r2, #4
  58 0018 4261     		str	r2, [r0, #20]
  48:Core/Src/usart.c ****   huart1.Init.HwFlowCtl = UART_HWCONTROL_NONE;
  59              		.loc 1 48 3 is_stmt 1 view .LVU13
  60              		.loc 1 48 25 is_stmt 0 view .LVU14
  61 001a 8361     		str	r3, [r0, #24]
  49:Core/Src/usart.c ****   huart1.Init.OverSampling = UART_OVERSAMPLING_16;
  62              		.loc 1 49 3 is_stmt 1 view .LVU15
  63              		.loc 1 49 28 is_stmt 0 view .LVU16
  64 001c C361     		str	r3, [r0, #28]
  50:Core/Src/usart.c ****   if (HAL_UART_Init(&huart1) != HAL_OK)
  65              		.loc 1 50 3 is_stmt 1 view .LVU17
ARM GAS  /tmp/ccrDfwt3.s 			page 3


  66              		.loc 1 50 7 is_stmt 0 view .LVU18
  67 001e FFF7FEFF 		bl	HAL_UART_Init
  68              	.LVL0:
  69              		.loc 1 50 6 discriminator 1 view .LVU19
  70 0022 00B9     		cbnz	r0, .L4
  71              	.L1:
  51:Core/Src/usart.c ****   {
  52:Core/Src/usart.c ****     Error_Handler();
  53:Core/Src/usart.c ****   }
  54:Core/Src/usart.c ****   /* USER CODE BEGIN USART1_Init 2 */
  55:Core/Src/usart.c **** 
  56:Core/Src/usart.c ****   /* USER CODE END USART1_Init 2 */
  57:Core/Src/usart.c **** 
  58:Core/Src/usart.c **** }
  72              		.loc 1 58 1 view .LVU20
  73 0024 08BD     		pop	{r3, pc}
  74              	.L4:
  52:Core/Src/usart.c ****   }
  75              		.loc 1 52 5 is_stmt 1 view .LVU21
  76 0026 FFF7FEFF 		bl	Error_Handler
  77              	.LVL1:
  78              		.loc 1 58 1 is_stmt 0 view .LVU22
  79 002a FBE7     		b	.L1
  80              	.L6:
  81              		.align	2
  82              	.L5:
  83 002c 00000000 		.word	huart1
  84 0030 00380140 		.word	1073821696
  85              		.cfi_endproc
  86              	.LFE65:
  88              		.section	.text.MX_USART2_UART_Init,"ax",%progbits
  89              		.align	1
  90              		.global	MX_USART2_UART_Init
  91              		.syntax unified
  92              		.thumb
  93              		.thumb_func
  95              	MX_USART2_UART_Init:
  96              	.LFB66:
  59:Core/Src/usart.c **** /* USART2 init function */
  60:Core/Src/usart.c **** 
  61:Core/Src/usart.c **** void MX_USART2_UART_Init(void)
  62:Core/Src/usart.c **** {
  97              		.loc 1 62 1 is_stmt 1 view -0
  98              		.cfi_startproc
  99              		@ args = 0, pretend = 0, frame = 0
 100              		@ frame_needed = 0, uses_anonymous_args = 0
 101 0000 08B5     		push	{r3, lr}
 102              	.LCFI1:
 103              		.cfi_def_cfa_offset 8
 104              		.cfi_offset 3, -8
 105              		.cfi_offset 14, -4
  63:Core/Src/usart.c **** 
  64:Core/Src/usart.c ****   /* USER CODE BEGIN USART2_Init 0 */
  65:Core/Src/usart.c **** 
  66:Core/Src/usart.c ****   /* USER CODE END USART2_Init 0 */
  67:Core/Src/usart.c **** 
  68:Core/Src/usart.c ****   /* USER CODE BEGIN USART2_Init 1 */
ARM GAS  /tmp/ccrDfwt3.s 			page 4


  69:Core/Src/usart.c **** 
  70:Core/Src/usart.c ****   /* USER CODE END USART2_Init 1 */
  71:Core/Src/usart.c ****   huart2.Instance = USART2;
 106              		.loc 1 71 3 view .LVU24
 107              		.loc 1 71 19 is_stmt 0 view .LVU25
 108 0002 0A48     		ldr	r0, .L11
 109 0004 0A4B     		ldr	r3, .L11+4
 110 0006 0360     		str	r3, [r0]
  72:Core/Src/usart.c ****   huart2.Init.BaudRate = 115200;
 111              		.loc 1 72 3 is_stmt 1 view .LVU26
 112              		.loc 1 72 24 is_stmt 0 view .LVU27
 113 0008 4FF4E133 		mov	r3, #115200
 114 000c 4360     		str	r3, [r0, #4]
  73:Core/Src/usart.c ****   huart2.Init.WordLength = UART_WORDLENGTH_8B;
 115              		.loc 1 73 3 is_stmt 1 view .LVU28
 116              		.loc 1 73 26 is_stmt 0 view .LVU29
 117 000e 0023     		movs	r3, #0
 118 0010 8360     		str	r3, [r0, #8]
  74:Core/Src/usart.c ****   huart2.Init.StopBits = UART_STOPBITS_1;
 119              		.loc 1 74 3 is_stmt 1 view .LVU30
 120              		.loc 1 74 24 is_stmt 0 view .LVU31
 121 0012 C360     		str	r3, [r0, #12]
  75:Core/Src/usart.c ****   huart2.Init.Parity = UART_PARITY_NONE;
 122              		.loc 1 75 3 is_stmt 1 view .LVU32
 123              		.loc 1 75 22 is_stmt 0 view .LVU33
 124 0014 0361     		str	r3, [r0, #16]
  76:Core/Src/usart.c ****   huart2.Init.Mode = UART_MODE_TX_RX;
 125              		.loc 1 76 3 is_stmt 1 view .LVU34
 126              		.loc 1 76 20 is_stmt 0 view .LVU35
 127 0016 0C22     		movs	r2, #12
 128 0018 4261     		str	r2, [r0, #20]
  77:Core/Src/usart.c ****   huart2.Init.HwFlowCtl = UART_HWCONTROL_NONE;
 129              		.loc 1 77 3 is_stmt 1 view .LVU36
 130              		.loc 1 77 25 is_stmt 0 view .LVU37
 131 001a 8361     		str	r3, [r0, #24]
  78:Core/Src/usart.c ****   huart2.Init.OverSampling = UART_OVERSAMPLING_16;
 132              		.loc 1 78 3 is_stmt 1 view .LVU38
 133              		.loc 1 78 28 is_stmt 0 view .LVU39
 134 001c C361     		str	r3, [r0, #28]
  79:Core/Src/usart.c ****   if (HAL_UART_Init(&huart2) != HAL_OK)
 135              		.loc 1 79 3 is_stmt 1 view .LVU40
 136              		.loc 1 79 7 is_stmt 0 view .LVU41
 137 001e FFF7FEFF 		bl	HAL_UART_Init
 138              	.LVL2:
 139              		.loc 1 79 6 discriminator 1 view .LVU42
 140 0022 00B9     		cbnz	r0, .L10
 141              	.L7:
  80:Core/Src/usart.c ****   {
  81:Core/Src/usart.c ****     Error_Handler();
  82:Core/Src/usart.c ****   }
  83:Core/Src/usart.c ****   /* USER CODE BEGIN USART2_Init 2 */
  84:Core/Src/usart.c **** 
  85:Core/Src/usart.c ****   /* USER CODE END USART2_Init 2 */
  86:Core/Src/usart.c **** 
  87:Core/Src/usart.c **** }
 142              		.loc 1 87 1 view .LVU43
 143 0024 08BD     		pop	{r3, pc}
ARM GAS  /tmp/ccrDfwt3.s 			page 5


 144              	.L10:
  81:Core/Src/usart.c ****   }
 145              		.loc 1 81 5 is_stmt 1 view .LVU44
 146 0026 FFF7FEFF 		bl	Error_Handler
 147              	.LVL3:
 148              		.loc 1 87 1 is_stmt 0 view .LVU45
 149 002a FBE7     		b	.L7
 150              	.L12:
 151              		.align	2
 152              	.L11:
 153 002c 00000000 		.word	huart2
 154 0030 00440040 		.word	1073759232
 155              		.cfi_endproc
 156              	.LFE66:
 158              		.section	.text.HAL_UART_MspInit,"ax",%progbits
 159              		.align	1
 160              		.global	HAL_UART_MspInit
 161              		.syntax unified
 162              		.thumb
 163              		.thumb_func
 165              	HAL_UART_MspInit:
 166              	.LVL4:
 167              	.LFB67:
  88:Core/Src/usart.c **** 
  89:Core/Src/usart.c **** void HAL_UART_MspInit(UART_HandleTypeDef* uartHandle)
  90:Core/Src/usart.c **** {
 168              		.loc 1 90 1 is_stmt 1 view -0
 169              		.cfi_startproc
 170              		@ args = 0, pretend = 0, frame = 32
 171              		@ frame_needed = 0, uses_anonymous_args = 0
 172              		.loc 1 90 1 is_stmt 0 view .LVU47
 173 0000 30B5     		push	{r4, r5, lr}
 174              	.LCFI2:
 175              		.cfi_def_cfa_offset 12
 176              		.cfi_offset 4, -12
 177              		.cfi_offset 5, -8
 178              		.cfi_offset 14, -4
 179 0002 89B0     		sub	sp, sp, #36
 180              	.LCFI3:
 181              		.cfi_def_cfa_offset 48
  91:Core/Src/usart.c **** 
  92:Core/Src/usart.c ****   GPIO_InitTypeDef GPIO_InitStruct = {0};
 182              		.loc 1 92 3 is_stmt 1 view .LVU48
 183              		.loc 1 92 20 is_stmt 0 view .LVU49
 184 0004 0023     		movs	r3, #0
 185 0006 0493     		str	r3, [sp, #16]
 186 0008 0593     		str	r3, [sp, #20]
 187 000a 0693     		str	r3, [sp, #24]
 188 000c 0793     		str	r3, [sp, #28]
  93:Core/Src/usart.c ****   if(uartHandle->Instance==USART1)
 189              		.loc 1 93 3 is_stmt 1 view .LVU50
 190              		.loc 1 93 16 is_stmt 0 view .LVU51
 191 000e 0368     		ldr	r3, [r0]
 192              		.loc 1 93 5 view .LVU52
 193 0010 274A     		ldr	r2, .L19
 194 0012 9342     		cmp	r3, r2
 195 0014 04D0     		beq	.L17
ARM GAS  /tmp/ccrDfwt3.s 			page 6


  94:Core/Src/usart.c ****   {
  95:Core/Src/usart.c ****   /* USER CODE BEGIN USART1_MspInit 0 */
  96:Core/Src/usart.c **** 
  97:Core/Src/usart.c ****   /* USER CODE END USART1_MspInit 0 */
  98:Core/Src/usart.c ****     /* USART1 clock enable */
  99:Core/Src/usart.c ****     __HAL_RCC_USART1_CLK_ENABLE();
 100:Core/Src/usart.c **** 
 101:Core/Src/usart.c ****     __HAL_RCC_GPIOA_CLK_ENABLE();
 102:Core/Src/usart.c ****     /**USART1 GPIO Configuration
 103:Core/Src/usart.c ****     PA9     ------> USART1_TX
 104:Core/Src/usart.c ****     PA10     ------> USART1_RX
 105:Core/Src/usart.c ****     */
 106:Core/Src/usart.c ****     GPIO_InitStruct.Pin = GPIO_PIN_9;
 107:Core/Src/usart.c ****     GPIO_InitStruct.Mode = GPIO_MODE_AF_PP;
 108:Core/Src/usart.c ****     GPIO_InitStruct.Speed = GPIO_SPEED_FREQ_HIGH;
 109:Core/Src/usart.c ****     HAL_GPIO_Init(GPIOA, &GPIO_InitStruct);
 110:Core/Src/usart.c **** 
 111:Core/Src/usart.c ****     GPIO_InitStruct.Pin = GPIO_PIN_10;
 112:Core/Src/usart.c ****     GPIO_InitStruct.Mode = GPIO_MODE_INPUT;
 113:Core/Src/usart.c ****     GPIO_InitStruct.Pull = GPIO_NOPULL;
 114:Core/Src/usart.c ****     HAL_GPIO_Init(GPIOA, &GPIO_InitStruct);
 115:Core/Src/usart.c **** 
 116:Core/Src/usart.c ****   /* USER CODE BEGIN USART1_MspInit 1 */
 117:Core/Src/usart.c **** 
 118:Core/Src/usart.c ****   /* USER CODE END USART1_MspInit 1 */
 119:Core/Src/usart.c ****   }
 120:Core/Src/usart.c ****   else if(uartHandle->Instance==USART2)
 196              		.loc 1 120 8 is_stmt 1 view .LVU53
 197              		.loc 1 120 10 is_stmt 0 view .LVU54
 198 0016 274A     		ldr	r2, .L19+4
 199 0018 9342     		cmp	r3, r2
 200 001a 2CD0     		beq	.L18
 201              	.LVL5:
 202              	.L13:
 121:Core/Src/usart.c ****   {
 122:Core/Src/usart.c ****   /* USER CODE BEGIN USART2_MspInit 0 */
 123:Core/Src/usart.c **** 
 124:Core/Src/usart.c ****   /* USER CODE END USART2_MspInit 0 */
 125:Core/Src/usart.c ****     /* USART2 clock enable */
 126:Core/Src/usart.c ****     __HAL_RCC_USART2_CLK_ENABLE();
 127:Core/Src/usart.c **** 
 128:Core/Src/usart.c ****     __HAL_RCC_GPIOA_CLK_ENABLE();
 129:Core/Src/usart.c ****     /**USART2 GPIO Configuration
 130:Core/Src/usart.c ****     PA2     ------> USART2_TX
 131:Core/Src/usart.c ****     PA3     ------> USART2_RX
 132:Core/Src/usart.c ****     */
 133:Core/Src/usart.c ****     GPIO_InitStruct.Pin = USART_TX_Pin|USART_RX_Pin;
 134:Core/Src/usart.c ****     GPIO_InitStruct.Mode = GPIO_MODE_AF_PP;
 135:Core/Src/usart.c ****     GPIO_InitStruct.Speed = GPIO_SPEED_FREQ_LOW;
 136:Core/Src/usart.c ****     HAL_GPIO_Init(GPIOA, &GPIO_InitStruct);
 137:Core/Src/usart.c **** 
 138:Core/Src/usart.c ****   /* USER CODE BEGIN USART2_MspInit 1 */
 139:Core/Src/usart.c **** 
 140:Core/Src/usart.c ****   /* USER CODE END USART2_MspInit 1 */
 141:Core/Src/usart.c ****   }
 142:Core/Src/usart.c **** }
 203              		.loc 1 142 1 view .LVU55
ARM GAS  /tmp/ccrDfwt3.s 			page 7


 204 001c 09B0     		add	sp, sp, #36
 205              	.LCFI4:
 206              		.cfi_remember_state
 207              		.cfi_def_cfa_offset 12
 208              		@ sp needed
 209 001e 30BD     		pop	{r4, r5, pc}
 210              	.LVL6:
 211              	.L17:
 212              	.LCFI5:
 213              		.cfi_restore_state
  99:Core/Src/usart.c **** 
 214              		.loc 1 99 5 is_stmt 1 view .LVU56
 215              	.LBB2:
  99:Core/Src/usart.c **** 
 216              		.loc 1 99 5 view .LVU57
  99:Core/Src/usart.c **** 
 217              		.loc 1 99 5 view .LVU58
 218 0020 254B     		ldr	r3, .L19+8
 219 0022 9A69     		ldr	r2, [r3, #24]
 220 0024 42F48042 		orr	r2, r2, #16384
 221 0028 9A61     		str	r2, [r3, #24]
  99:Core/Src/usart.c **** 
 222              		.loc 1 99 5 view .LVU59
 223 002a 9A69     		ldr	r2, [r3, #24]
 224 002c 02F48042 		and	r2, r2, #16384
 225 0030 0092     		str	r2, [sp]
  99:Core/Src/usart.c **** 
 226              		.loc 1 99 5 view .LVU60
 227 0032 009A     		ldr	r2, [sp]
 228              	.LBE2:
  99:Core/Src/usart.c **** 
 229              		.loc 1 99 5 view .LVU61
 101:Core/Src/usart.c ****     /**USART1 GPIO Configuration
 230              		.loc 1 101 5 view .LVU62
 231              	.LBB3:
 101:Core/Src/usart.c ****     /**USART1 GPIO Configuration
 232              		.loc 1 101 5 view .LVU63
 101:Core/Src/usart.c ****     /**USART1 GPIO Configuration
 233              		.loc 1 101 5 view .LVU64
 234 0034 9A69     		ldr	r2, [r3, #24]
 235 0036 42F00402 		orr	r2, r2, #4
 236 003a 9A61     		str	r2, [r3, #24]
 101:Core/Src/usart.c ****     /**USART1 GPIO Configuration
 237              		.loc 1 101 5 view .LVU65
 238 003c 9B69     		ldr	r3, [r3, #24]
 239 003e 03F00403 		and	r3, r3, #4
 240 0042 0193     		str	r3, [sp, #4]
 101:Core/Src/usart.c ****     /**USART1 GPIO Configuration
 241              		.loc 1 101 5 view .LVU66
 242 0044 019B     		ldr	r3, [sp, #4]
 243              	.LBE3:
 101:Core/Src/usart.c ****     /**USART1 GPIO Configuration
 244              		.loc 1 101 5 view .LVU67
 106:Core/Src/usart.c ****     GPIO_InitStruct.Mode = GPIO_MODE_AF_PP;
 245              		.loc 1 106 5 view .LVU68
 106:Core/Src/usart.c ****     GPIO_InitStruct.Mode = GPIO_MODE_AF_PP;
 246              		.loc 1 106 25 is_stmt 0 view .LVU69
ARM GAS  /tmp/ccrDfwt3.s 			page 8


 247 0046 4FF40073 		mov	r3, #512
 248 004a 0493     		str	r3, [sp, #16]
 107:Core/Src/usart.c ****     GPIO_InitStruct.Speed = GPIO_SPEED_FREQ_HIGH;
 249              		.loc 1 107 5 is_stmt 1 view .LVU70
 107:Core/Src/usart.c ****     GPIO_InitStruct.Speed = GPIO_SPEED_FREQ_HIGH;
 250              		.loc 1 107 26 is_stmt 0 view .LVU71
 251 004c 0223     		movs	r3, #2
 252 004e 0593     		str	r3, [sp, #20]
 108:Core/Src/usart.c ****     HAL_GPIO_Init(GPIOA, &GPIO_InitStruct);
 253              		.loc 1 108 5 is_stmt 1 view .LVU72
 108:Core/Src/usart.c ****     HAL_GPIO_Init(GPIOA, &GPIO_InitStruct);
 254              		.loc 1 108 27 is_stmt 0 view .LVU73
 255 0050 0323     		movs	r3, #3
 256 0052 0793     		str	r3, [sp, #28]
 109:Core/Src/usart.c **** 
 257              		.loc 1 109 5 is_stmt 1 view .LVU74
 258 0054 04AD     		add	r5, sp, #16
 259 0056 194C     		ldr	r4, .L19+12
 260 0058 2946     		mov	r1, r5
 261 005a 2046     		mov	r0, r4
 262              	.LVL7:
 109:Core/Src/usart.c **** 
 263              		.loc 1 109 5 is_stmt 0 view .LVU75
 264 005c FFF7FEFF 		bl	HAL_GPIO_Init
 265              	.LVL8:
 111:Core/Src/usart.c ****     GPIO_InitStruct.Mode = GPIO_MODE_INPUT;
 266              		.loc 1 111 5 is_stmt 1 view .LVU76
 111:Core/Src/usart.c ****     GPIO_InitStruct.Mode = GPIO_MODE_INPUT;
 267              		.loc 1 111 25 is_stmt 0 view .LVU77
 268 0060 4FF48063 		mov	r3, #1024
 269 0064 0493     		str	r3, [sp, #16]
 112:Core/Src/usart.c ****     GPIO_InitStruct.Pull = GPIO_NOPULL;
 270              		.loc 1 112 5 is_stmt 1 view .LVU78
 112:Core/Src/usart.c ****     GPIO_InitStruct.Pull = GPIO_NOPULL;
 271              		.loc 1 112 26 is_stmt 0 view .LVU79
 272 0066 0023     		movs	r3, #0
 273 0068 0593     		str	r3, [sp, #20]
 113:Core/Src/usart.c ****     HAL_GPIO_Init(GPIOA, &GPIO_InitStruct);
 274              		.loc 1 113 5 is_stmt 1 view .LVU80
 113:Core/Src/usart.c ****     HAL_GPIO_Init(GPIOA, &GPIO_InitStruct);
 275              		.loc 1 113 26 is_stmt 0 view .LVU81
 276 006a 0693     		str	r3, [sp, #24]
 114:Core/Src/usart.c **** 
 277              		.loc 1 114 5 is_stmt 1 view .LVU82
 278 006c 2946     		mov	r1, r5
 279 006e 2046     		mov	r0, r4
 280 0070 FFF7FEFF 		bl	HAL_GPIO_Init
 281              	.LVL9:
 282 0074 D2E7     		b	.L13
 283              	.LVL10:
 284              	.L18:
 126:Core/Src/usart.c **** 
 285              		.loc 1 126 5 view .LVU83
 286              	.LBB4:
 126:Core/Src/usart.c **** 
 287              		.loc 1 126 5 view .LVU84
 126:Core/Src/usart.c **** 
ARM GAS  /tmp/ccrDfwt3.s 			page 9


 288              		.loc 1 126 5 view .LVU85
 289 0076 104B     		ldr	r3, .L19+8
 290 0078 DA69     		ldr	r2, [r3, #28]
 291 007a 42F40032 		orr	r2, r2, #131072
 292 007e DA61     		str	r2, [r3, #28]
 126:Core/Src/usart.c **** 
 293              		.loc 1 126 5 view .LVU86
 294 0080 DA69     		ldr	r2, [r3, #28]
 295 0082 02F40032 		and	r2, r2, #131072
 296 0086 0292     		str	r2, [sp, #8]
 126:Core/Src/usart.c **** 
 297              		.loc 1 126 5 view .LVU87
 298 0088 029A     		ldr	r2, [sp, #8]
 299              	.LBE4:
 126:Core/Src/usart.c **** 
 300              		.loc 1 126 5 view .LVU88
 128:Core/Src/usart.c ****     /**USART2 GPIO Configuration
 301              		.loc 1 128 5 view .LVU89
 302              	.LBB5:
 128:Core/Src/usart.c ****     /**USART2 GPIO Configuration
 303              		.loc 1 128 5 view .LVU90
 128:Core/Src/usart.c ****     /**USART2 GPIO Configuration
 304              		.loc 1 128 5 view .LVU91
 305 008a 9A69     		ldr	r2, [r3, #24]
 306 008c 42F00402 		orr	r2, r2, #4
 307 0090 9A61     		str	r2, [r3, #24]
 128:Core/Src/usart.c ****     /**USART2 GPIO Configuration
 308              		.loc 1 128 5 view .LVU92
 309 0092 9B69     		ldr	r3, [r3, #24]
 310 0094 03F00403 		and	r3, r3, #4
 311 0098 0393     		str	r3, [sp, #12]
 128:Core/Src/usart.c ****     /**USART2 GPIO Configuration
 312              		.loc 1 128 5 view .LVU93
 313 009a 039B     		ldr	r3, [sp, #12]
 314              	.LBE5:
 128:Core/Src/usart.c ****     /**USART2 GPIO Configuration
 315              		.loc 1 128 5 view .LVU94
 133:Core/Src/usart.c ****     GPIO_InitStruct.Mode = GPIO_MODE_AF_PP;
 316              		.loc 1 133 5 view .LVU95
 133:Core/Src/usart.c ****     GPIO_InitStruct.Mode = GPIO_MODE_AF_PP;
 317              		.loc 1 133 25 is_stmt 0 view .LVU96
 318 009c 0C23     		movs	r3, #12
 319 009e 0493     		str	r3, [sp, #16]
 134:Core/Src/usart.c ****     GPIO_InitStruct.Speed = GPIO_SPEED_FREQ_LOW;
 320              		.loc 1 134 5 is_stmt 1 view .LVU97
 134:Core/Src/usart.c ****     GPIO_InitStruct.Speed = GPIO_SPEED_FREQ_LOW;
 321              		.loc 1 134 26 is_stmt 0 view .LVU98
 322 00a0 0223     		movs	r3, #2
 323 00a2 0593     		str	r3, [sp, #20]
 135:Core/Src/usart.c ****     HAL_GPIO_Init(GPIOA, &GPIO_InitStruct);
 324              		.loc 1 135 5 is_stmt 1 view .LVU99
 135:Core/Src/usart.c ****     HAL_GPIO_Init(GPIOA, &GPIO_InitStruct);
 325              		.loc 1 135 27 is_stmt 0 view .LVU100
 326 00a4 0793     		str	r3, [sp, #28]
 136:Core/Src/usart.c **** 
 327              		.loc 1 136 5 is_stmt 1 view .LVU101
 328 00a6 04A9     		add	r1, sp, #16
ARM GAS  /tmp/ccrDfwt3.s 			page 10


 329 00a8 0448     		ldr	r0, .L19+12
 330              	.LVL11:
 136:Core/Src/usart.c **** 
 331              		.loc 1 136 5 is_stmt 0 view .LVU102
 332 00aa FFF7FEFF 		bl	HAL_GPIO_Init
 333              	.LVL12:
 334              		.loc 1 142 1 view .LVU103
 335 00ae B5E7     		b	.L13
 336              	.L20:
 337              		.align	2
 338              	.L19:
 339 00b0 00380140 		.word	1073821696
 340 00b4 00440040 		.word	1073759232
 341 00b8 00100240 		.word	1073876992
 342 00bc 00080140 		.word	1073809408
 343              		.cfi_endproc
 344              	.LFE67:
 346              		.section	.text.HAL_UART_MspDeInit,"ax",%progbits
 347              		.align	1
 348              		.global	HAL_UART_MspDeInit
 349              		.syntax unified
 350              		.thumb
 351              		.thumb_func
 353              	HAL_UART_MspDeInit:
 354              	.LVL13:
 355              	.LFB68:
 143:Core/Src/usart.c **** 
 144:Core/Src/usart.c **** void HAL_UART_MspDeInit(UART_HandleTypeDef* uartHandle)
 145:Core/Src/usart.c **** {
 356              		.loc 1 145 1 is_stmt 1 view -0
 357              		.cfi_startproc
 358              		@ args = 0, pretend = 0, frame = 0
 359              		@ frame_needed = 0, uses_anonymous_args = 0
 360              		.loc 1 145 1 is_stmt 0 view .LVU105
 361 0000 08B5     		push	{r3, lr}
 362              	.LCFI6:
 363              		.cfi_def_cfa_offset 8
 364              		.cfi_offset 3, -8
 365              		.cfi_offset 14, -4
 146:Core/Src/usart.c **** 
 147:Core/Src/usart.c ****   if(uartHandle->Instance==USART1)
 366              		.loc 1 147 3 is_stmt 1 view .LVU106
 367              		.loc 1 147 16 is_stmt 0 view .LVU107
 368 0002 0368     		ldr	r3, [r0]
 369              		.loc 1 147 5 view .LVU108
 370 0004 0E4A     		ldr	r2, .L27
 371 0006 9342     		cmp	r3, r2
 372 0008 03D0     		beq	.L25
 148:Core/Src/usart.c ****   {
 149:Core/Src/usart.c ****   /* USER CODE BEGIN USART1_MspDeInit 0 */
 150:Core/Src/usart.c **** 
 151:Core/Src/usart.c ****   /* USER CODE END USART1_MspDeInit 0 */
 152:Core/Src/usart.c ****     /* Peripheral clock disable */
 153:Core/Src/usart.c ****     __HAL_RCC_USART1_CLK_DISABLE();
 154:Core/Src/usart.c **** 
 155:Core/Src/usart.c ****     /**USART1 GPIO Configuration
 156:Core/Src/usart.c ****     PA9     ------> USART1_TX
ARM GAS  /tmp/ccrDfwt3.s 			page 11


 157:Core/Src/usart.c ****     PA10     ------> USART1_RX
 158:Core/Src/usart.c ****     */
 159:Core/Src/usart.c ****     HAL_GPIO_DeInit(GPIOA, GPIO_PIN_9|GPIO_PIN_10);
 160:Core/Src/usart.c **** 
 161:Core/Src/usart.c ****   /* USER CODE BEGIN USART1_MspDeInit 1 */
 162:Core/Src/usart.c **** 
 163:Core/Src/usart.c ****   /* USER CODE END USART1_MspDeInit 1 */
 164:Core/Src/usart.c ****   }
 165:Core/Src/usart.c ****   else if(uartHandle->Instance==USART2)
 373              		.loc 1 165 8 is_stmt 1 view .LVU109
 374              		.loc 1 165 10 is_stmt 0 view .LVU110
 375 000a 0E4A     		ldr	r2, .L27+4
 376 000c 9342     		cmp	r3, r2
 377 000e 0CD0     		beq	.L26
 378              	.LVL14:
 379              	.L21:
 166:Core/Src/usart.c ****   {
 167:Core/Src/usart.c ****   /* USER CODE BEGIN USART2_MspDeInit 0 */
 168:Core/Src/usart.c **** 
 169:Core/Src/usart.c ****   /* USER CODE END USART2_MspDeInit 0 */
 170:Core/Src/usart.c ****     /* Peripheral clock disable */
 171:Core/Src/usart.c ****     __HAL_RCC_USART2_CLK_DISABLE();
 172:Core/Src/usart.c **** 
 173:Core/Src/usart.c ****     /**USART2 GPIO Configuration
 174:Core/Src/usart.c ****     PA2     ------> USART2_TX
 175:Core/Src/usart.c ****     PA3     ------> USART2_RX
 176:Core/Src/usart.c ****     */
 177:Core/Src/usart.c ****     HAL_GPIO_DeInit(GPIOA, USART_TX_Pin|USART_RX_Pin);
 178:Core/Src/usart.c **** 
 179:Core/Src/usart.c ****   /* USER CODE BEGIN USART2_MspDeInit 1 */
 180:Core/Src/usart.c **** 
 181:Core/Src/usart.c ****   /* USER CODE END USART2_MspDeInit 1 */
 182:Core/Src/usart.c ****   }
 183:Core/Src/usart.c **** }
 380              		.loc 1 183 1 view .LVU111
 381 0010 08BD     		pop	{r3, pc}
 382              	.LVL15:
 383              	.L25:
 153:Core/Src/usart.c **** 
 384              		.loc 1 153 5 is_stmt 1 view .LVU112
 385 0012 02F55842 		add	r2, r2, #55296
 386 0016 9369     		ldr	r3, [r2, #24]
 387 0018 23F48043 		bic	r3, r3, #16384
 388 001c 9361     		str	r3, [r2, #24]
 159:Core/Src/usart.c **** 
 389              		.loc 1 159 5 view .LVU113
 390 001e 4FF4C061 		mov	r1, #1536
 391 0022 0948     		ldr	r0, .L27+8
 392              	.LVL16:
 159:Core/Src/usart.c **** 
 393              		.loc 1 159 5 is_stmt 0 view .LVU114
 394 0024 FFF7FEFF 		bl	HAL_GPIO_DeInit
 395              	.LVL17:
 396 0028 F2E7     		b	.L21
 397              	.LVL18:
 398              	.L26:
 171:Core/Src/usart.c **** 
ARM GAS  /tmp/ccrDfwt3.s 			page 12


 399              		.loc 1 171 5 is_stmt 1 view .LVU115
 400 002a 02F5E632 		add	r2, r2, #117760
 401 002e D369     		ldr	r3, [r2, #28]
 402 0030 23F40033 		bic	r3, r3, #131072
 403 0034 D361     		str	r3, [r2, #28]
 177:Core/Src/usart.c **** 
 404              		.loc 1 177 5 view .LVU116
 405 0036 0C21     		movs	r1, #12
 406 0038 0348     		ldr	r0, .L27+8
 407              	.LVL19:
 177:Core/Src/usart.c **** 
 408              		.loc 1 177 5 is_stmt 0 view .LVU117
 409 003a FFF7FEFF 		bl	HAL_GPIO_DeInit
 410              	.LVL20:
 411              		.loc 1 183 1 view .LVU118
 412 003e E7E7     		b	.L21
 413              	.L28:
 414              		.align	2
 415              	.L27:
 416 0040 00380140 		.word	1073821696
 417 0044 00440040 		.word	1073759232
 418 0048 00080140 		.word	1073809408
 419              		.cfi_endproc
 420              	.LFE68:
 422              		.global	huart2
 423              		.section	.bss.huart2,"aw",%nobits
 424              		.align	2
 427              	huart2:
 428 0000 00000000 		.space	72
 428      00000000 
 428      00000000 
 428      00000000 
 428      00000000 
 429              		.global	huart1
 430              		.section	.bss.huart1,"aw",%nobits
 431              		.align	2
 434              	huart1:
 435 0000 00000000 		.space	72
 435      00000000 
 435      00000000 
 435      00000000 
 435      00000000 
 436              		.text
 437              	.Letext0:
 438              		.file 2 "/usr/arm-none-eabi/include/machine/_default_types.h"
 439              		.file 3 "/usr/arm-none-eabi/include/sys/_stdint.h"
 440              		.file 4 "Drivers/CMSIS/Device/ST/STM32F1xx/Include/stm32f103xb.h"
 441              		.file 5 "Drivers/STM32F1xx_HAL_Driver/Inc/stm32f1xx_hal_def.h"
 442              		.file 6 "Drivers/STM32F1xx_HAL_Driver/Inc/stm32f1xx_hal_gpio.h"
 443              		.file 7 "Drivers/STM32F1xx_HAL_Driver/Inc/stm32f1xx_hal_dma.h"
 444              		.file 8 "Drivers/STM32F1xx_HAL_Driver/Inc/stm32f1xx_hal_uart.h"
 445              		.file 9 "Core/Inc/usart.h"
 446              		.file 10 "Core/Inc/main.h"
ARM GAS  /tmp/ccrDfwt3.s 			page 13


DEFINED SYMBOLS
                            *ABS*:00000000 usart.c
     /tmp/ccrDfwt3.s:19     .text.MX_USART1_UART_Init:00000000 $t
     /tmp/ccrDfwt3.s:25     .text.MX_USART1_UART_Init:00000000 MX_USART1_UART_Init
     /tmp/ccrDfwt3.s:83     .text.MX_USART1_UART_Init:0000002c $d
     /tmp/ccrDfwt3.s:434    .bss.huart1:00000000 huart1
     /tmp/ccrDfwt3.s:89     .text.MX_USART2_UART_Init:00000000 $t
     /tmp/ccrDfwt3.s:95     .text.MX_USART2_UART_Init:00000000 MX_USART2_UART_Init
     /tmp/ccrDfwt3.s:153    .text.MX_USART2_UART_Init:0000002c $d
     /tmp/ccrDfwt3.s:427    .bss.huart2:00000000 huart2
     /tmp/ccrDfwt3.s:159    .text.HAL_UART_MspInit:00000000 $t
     /tmp/ccrDfwt3.s:165    .text.HAL_UART_MspInit:00000000 HAL_UART_MspInit
     /tmp/ccrDfwt3.s:339    .text.HAL_UART_MspInit:000000b0 $d
     /tmp/ccrDfwt3.s:347    .text.HAL_UART_MspDeInit:00000000 $t
     /tmp/ccrDfwt3.s:353    .text.HAL_UART_MspDeInit:00000000 HAL_UART_MspDeInit
     /tmp/ccrDfwt3.s:416    .text.HAL_UART_MspDeInit:00000040 $d
     /tmp/ccrDfwt3.s:424    .bss.huart2:00000000 $d
     /tmp/ccrDfwt3.s:431    .bss.huart1:00000000 $d

UNDEFINED SYMBOLS
HAL_UART_Init
Error_Handler
HAL_GPIO_Init
HAL_GPIO_DeInit
